2020-11-26 23:42:24,392 [Worker-0: Loading available Gradle versions] INFO  o.e.b.c.i.u.g.PublishedGradleVersions - Gradle version information cache is up-to-date. Trying to read.
2020-11-26 23:43:07,112 [Worker-5: Repository registry initialization] ERROR o.e.m.c.i.i.nexus.NexusIndexManager - Error changing index details workspace://
java.io.FileNotFoundException: C:\Users\dlehd\Desktop\mycar_20200803_final.vol1\.metadata\.plugins\org.eclipse.m2e.core\nexus\830bc118332e77292949ed1e6d2fabe0\segments_1 (액세스가 거부되었습니다)
	at java.base/java.io.RandomAccessFile.open0(Native Method) ~[na:na]
	at java.base/java.io.RandomAccessFile.open(RandomAccessFile.java:347) ~[na:na]
	at java.base/java.io.RandomAccessFile.<init>(RandomAccessFile.java:261) ~[na:na]
	at java.base/java.io.RandomAccessFile.<init>(RandomAccessFile.java:216) ~[na:na]
	at org.apache.lucene.store.FSDirectory$FSIndexOutput.<init>(FSDirectory.java:639) ~[na:na]
	at org.apache.lucene.store.FSDirectory.createOutput(FSDirectory.java:442) ~[na:na]
	at org.apache.lucene.index.SegmentInfos.write(SegmentInfos.java:296) ~[na:na]
	at org.apache.lucene.index.SegmentInfos.prepareCommit(SegmentInfos.java:761) ~[na:na]
	at org.apache.lucene.index.SegmentInfos.commit(SegmentInfos.java:825) ~[na:na]
	at org.apache.lucene.index.IndexWriter.init(IndexWriter.java:1086) ~[na:na]
	at org.apache.lucene.index.IndexWriter.<init>(IndexWriter.java:924) ~[na:na]
	at org.apache.maven.index.context.NexusIndexWriter.<init>(NexusIndexWriter.java:49) ~[na:na]
	at org.apache.maven.index.context.NexusIndexWriter.<init>(NexusIndexWriter.java:43) ~[na:na]
	at org.apache.maven.index.context.DefaultIndexingContext.prepareCleanIndex(DefaultIndexingContext.java:259) ~[na:na]
	at org.apache.maven.index.context.DefaultIndexingContext.prepareIndex(DefaultIndexingContext.java:215) ~[na:na]
	at org.apache.maven.index.context.DefaultIndexingContext.<init>(DefaultIndexingContext.java:173) ~[na:na]
	at org.apache.maven.index.DefaultNexusIndexer.addIndexingContextForced(DefaultNexusIndexer.java:160) ~[na:na]
	at org.eclipse.m2e.core.internal.index.nexus.NexusIndexManager.createIndexingContext(NexusIndexManager.java:963) ~[na:na]
	at org.eclipse.m2e.core.internal.index.nexus.NexusIndexManager.setIndexDetails(NexusIndexManager.java:930) ~[na:na]
	at org.eclipse.m2e.core.internal.index.nexus.NexusIndexManager.repositoryAdded(NexusIndexManager.java:876) ~[na:na]
	at org.eclipse.m2e.core.internal.repository.RepositoryRegistry.addRepository(RepositoryRegistry.java:165) ~[na:na]
	at org.eclipse.m2e.core.internal.repository.RepositoryRegistry.updateRegistry(RepositoryRegistry.java:238) ~[na:na]
	at org.eclipse.m2e.core.internal.repository.RepositoryRegistryUpdateJob.run(RepositoryRegistryUpdateJob.java:49) ~[na:na]
	at org.eclipse.core.internal.jobs.Worker.run(Worker.java:63) ~[org.eclipse.core.jobs_3.10.700.v20200106-1020.jar:na]
2020-11-26 23:43:07,125 [Worker-5: Repository registry initialization] ERROR o.e.m.c.i.r.RepositoryRegistry - Could not add repository index
org.eclipse.core.runtime.CoreException: Could not add repository index
	at org.eclipse.m2e.core.internal.index.nexus.NexusIndexManager.setIndexDetails(NexusIndexManager.java:943) ~[na:na]
	at org.eclipse.m2e.core.internal.index.nexus.NexusIndexManager.repositoryAdded(NexusIndexManager.java:876) ~[na:na]
	at org.eclipse.m2e.core.internal.repository.RepositoryRegistry.addRepository(RepositoryRegistry.java:165) ~[na:na]
	at org.eclipse.m2e.core.internal.repository.RepositoryRegistry.updateRegistry(RepositoryRegistry.java:238) ~[na:na]
	at org.eclipse.m2e.core.internal.repository.RepositoryRegistryUpdateJob.run(RepositoryRegistryUpdateJob.java:49) ~[na:na]
	at org.eclipse.core.internal.jobs.Worker.run(Worker.java:63) ~[org.eclipse.core.jobs_3.10.700.v20200106-1020.jar:na]
Caused by: java.io.FileNotFoundException: C:\Users\dlehd\Desktop\mycar_20200803_final.vol1\.metadata\.plugins\org.eclipse.m2e.core\nexus\830bc118332e77292949ed1e6d2fabe0\segments_1 (액세스가 거부되었습니다)
	at java.base/java.io.RandomAccessFile.open0(Native Method) ~[na:na]
	at java.base/java.io.RandomAccessFile.open(RandomAccessFile.java:347) ~[na:na]
	at java.base/java.io.RandomAccessFile.<init>(RandomAccessFile.java:261) ~[na:na]
	at java.base/java.io.RandomAccessFile.<init>(RandomAccessFile.java:216) ~[na:na]
	at org.apache.lucene.store.FSDirectory$FSIndexOutput.<init>(FSDirectory.java:639) ~[na:na]
	at org.apache.lucene.store.FSDirectory.createOutput(FSDirectory.java:442) ~[na:na]
	at org.apache.lucene.index.SegmentInfos.write(SegmentInfos.java:296) ~[na:na]
	at org.apache.lucene.index.SegmentInfos.prepareCommit(SegmentInfos.java:761) ~[na:na]
	at org.apache.lucene.index.SegmentInfos.commit(SegmentInfos.java:825) ~[na:na]
	at org.apache.lucene.index.IndexWriter.init(IndexWriter.java:1086) ~[na:na]
	at org.apache.lucene.index.IndexWriter.<init>(IndexWriter.java:924) ~[na:na]
	at org.apache.maven.index.context.NexusIndexWriter.<init>(NexusIndexWriter.java:49) ~[na:na]
	at org.apache.maven.index.context.NexusIndexWriter.<init>(NexusIndexWriter.java:43) ~[na:na]
	at org.apache.maven.index.context.DefaultIndexingContext.prepareCleanIndex(DefaultIndexingContext.java:259) ~[na:na]
	at org.apache.maven.index.context.DefaultIndexingContext.prepareIndex(DefaultIndexingContext.java:215) ~[na:na]
	at org.apache.maven.index.context.DefaultIndexingContext.<init>(DefaultIndexingContext.java:173) ~[na:na]
	at org.apache.maven.index.DefaultNexusIndexer.addIndexingContextForced(DefaultNexusIndexer.java:160) ~[na:na]
	at org.eclipse.m2e.core.internal.index.nexus.NexusIndexManager.createIndexingContext(NexusIndexManager.java:963) ~[na:na]
	at org.eclipse.m2e.core.internal.index.nexus.NexusIndexManager.setIndexDetails(NexusIndexManager.java:930) ~[na:na]
	... 5 common frames omitted
